<?xml version="1.0" encoding="UTF-8"?>
<robot generator="Robot 5.0.1 (Python 3.10.4 on win32)" generated="20221007 21:52:02.374" rpa="false" schemaversion="3">
<suite id="s1" name="Suite" source="D:\INATEL\P8\C214\Testes-Robot-Framework\webTesting\suite.robot">
<test id="s1-t1" name="Caso de Teste 01: Pesquisar um produto do site" line="6">
<kw name="Acessar a página home do site da loja" library="resource">
<kw name="Open Browser" library="SeleniumLibrary">
<arg>url=${URL}</arg>
<arg>browser=${BROWSER}</arg>
<doc>Opens a new browser instance to the optional ``url``.</doc>
<msg timestamp="20221007 21:52:02.614" level="INFO">Opening browser 'chrome' to base url 'http://automationpractice.com/index.php'.</msg>
<status status="PASS" starttime="20221007 21:52:02.614" endtime="20221007 21:52:07.484"/>
</kw>
<status status="PASS" starttime="20221007 21:52:02.614" endtime="20221007 21:52:07.484"/>
</kw>
<kw name="Digitar o produto &quot;blouse&quot; no campo de pesquisa" library="resource" sourcename="Digitar o produto &quot;${PRODUTO}&quot; no campo de pesquisa">
<kw name="Input Text" library="SeleniumLibrary">
<arg>id=search_query_top</arg>
<arg>${PRODUTO}</arg>
<doc>Types the given ``text`` into the text field identified by ``locator``.</doc>
<msg timestamp="20221007 21:52:07.486" level="INFO">Typing text 'blouse' into text field 'id=search_query_top'.</msg>
<status status="PASS" starttime="20221007 21:52:07.485" endtime="20221007 21:52:07.562"/>
</kw>
<status status="PASS" starttime="20221007 21:52:07.484" endtime="20221007 21:52:07.563"/>
</kw>
<kw name="Clicar no botao pesquisar" library="resource">
<kw name="Click Button" library="SeleniumLibrary">
<arg>name=submit_search</arg>
<doc>Clicks the button identified by ``locator``.</doc>
<msg timestamp="20221007 21:52:07.564" level="INFO">Clicking button 'name=submit_search'.</msg>
<status status="PASS" starttime="20221007 21:52:07.563" endtime="20221007 21:52:09.502"/>
</kw>
<status status="PASS" starttime="20221007 21:52:07.563" endtime="20221007 21:52:09.502"/>
</kw>
<kw name="Conferir se o produto &quot;blouse&quot; é exibido corretamente" library="resource" sourcename="Conferir se o produto &quot;${PRODUTO}&quot; é exibido corretamente">
<kw name="Wait Until Element Is Visible" library="SeleniumLibrary">
<arg>xpath=//*[@id="center_column"]/ul/li/div/div[1]/div/a[1]/img</arg>
<doc>Waits until the element ``locator`` is visible.</doc>
<status status="PASS" starttime="20221007 21:52:09.503" endtime="20221007 21:52:09.526"/>
</kw>
<status status="PASS" starttime="20221007 21:52:09.503" endtime="20221007 21:52:09.526"/>
</kw>
<kw name="Fechar o navegador" library="resource">
<kw name="Close Browser" library="SeleniumLibrary">
<doc>Closes the current browser.</doc>
<status status="PASS" starttime="20221007 21:52:09.527" endtime="20221007 21:52:11.613"/>
</kw>
<status status="PASS" starttime="20221007 21:52:09.526" endtime="20221007 21:52:11.613"/>
</kw>
<status status="PASS" starttime="20221007 21:52:02.613" endtime="20221007 21:52:11.614"/>
</test>
<doc>Suíte WebTesting</doc>
<status status="PASS" starttime="20221007 21:52:02.377" endtime="20221007 21:52:11.614"/>
</suite>
<statistics>
<total>
<stat pass="1" fail="0" skip="0">All Tests</stat>
</total>
<tag>
</tag>
<suite>
<stat pass="1" fail="0" skip="0" id="s1" name="Suite">Suite</stat>
</suite>
</statistics>
<errors>
</errors>
</robot>
